   1               		.file	"Caterina.c"
   2               	__SREG__ = 0x3f
   3               	__SP_H__ = 0x3e
   4               	__SP_L__ = 0x3d
   5               	__CCP__  = 0x34
   6               	__tmp_reg__ = 0
   7               	__zero_reg__ = 1
  15               	.Ltext0:
  16               		.section	.text.StartSketch,"ax",@progbits
  17               	.global	StartSketch
  19               	StartSketch:
  20               	.LFB93:
  21               	.LSM0:
  22               	/* prologue: function */
  23               	/* frame size = 0 */
  24               	.LSM1:
  25               	/* #APP */
  26               	 ;  70 "Caterina.c" 1
  27 0000 F894      		cli
  28               	 ;  0 "" 2
  29               	.LSM2:
  30               	/* #NOAPP */
  31 0002 1092 6F00 		sts 111,__zero_reg__
  32               	.LSM3:
  33 0006 1092 8100 		sts 129,__zero_reg__
  34               	.LSM4:
  35 000a 1092 8500 		sts 133,__zero_reg__
  36               	.LSM5:
  37 000e 1092 8400 		sts 132,__zero_reg__
  38               	.LSM6:
  39 0012 81E0      		ldi r24,lo8(1)
  40 0014 85BF      		out 85-32,r24
  41               	.LSM7:
  42 0016 15BE      		out 85-32,__zero_reg__
  43               	.LSM8:
  44 0018 4798      		cbi 40-32,7
  45               	.LSM9:
  46               	/* #APP */
  47               	 ;  85 "Caterina.c" 1
  48 001a 0C94 0000 		jmp 0x0000
  49               	 ;  0 "" 2
  50               	/* epilogue start */
  51               	.LSM10:
  52               	/* #NOAPP */
  53 001e 0895      		ret
  54               	.LFE93:
  56               		.section	.text.LEDPulse,"ax",@progbits
  57               	.global	LEDPulse
  59               	LEDPulse:
  60               	.LFB94:
  61               	.LSM11:
  62               	/* prologue: function */
  63               	/* frame size = 0 */
  64               	.LSM12:
  65 0000 2091 0000 		lds r18,LLEDPulse
  66 0004 3091 0000 		lds r19,(LLEDPulse)+1
  67 0008 2F5F      		subi r18,lo8(-(1))
  68 000a 3F4F      		sbci r19,hi8(-(1))
  69 000c 3093 0000 		sts (LLEDPulse)+1,r19
  70 0010 2093 0000 		sts LLEDPulse,r18
  71               	.LSM13:
  72 0014 932F      		mov r25,r19
  73               	.LVL0:
  74               	.LSM14:
  75 0016 37FF      		sbrs r19,7
  76 0018 00C0      		rjmp .L4
  77               	.LSM15:
  78 001a 8EEF      		ldi r24,lo8(-2)
  79 001c 831B      		sub r24,r19
  80 001e 982F      		mov r25,r24
  81               	.L4:
  82               	.LSM16:
  83 0020 990F      		lsl r25
  84 0022 9217      		cp r25,r18
  85 0024 00F4      		brsh .L5
  86               	.LSM17:
  87 0026 4798      		cbi 40-32,7
  88 0028 0895      		ret
  89               	.L5:
  90               	.LSM18:
  91 002a 479A      		sbi 40-32,7
  92 002c 0895      		ret
  93               	.LFE94:
  95               		.section	.text.__vector_17,"ax",@progbits
  96               	.global	__vector_17
  98               	__vector_17:
  99               	.LFB97:
 100               	.LSM19:
 101 0000 1F92      		push __zero_reg__
 102 0002 0F92      		push r0
 103 0004 0FB6      		in r0,__SREG__
 104 0006 0F92      		push r0
 105 0008 1124      		clr __zero_reg__
 106 000a 2F93      		push r18
 107 000c 8F93      		push r24
 108 000e 9F93      		push r25
 109 0010 EF93      		push r30
 110 0012 FF93      		push r31
 111               	/* prologue: Signal */
 112               	/* frame size = 0 */
 113               	.LSM20:
 114 0014 1092 8500 		sts 133,__zero_reg__
 115               	.LSM21:
 116 0018 1092 8400 		sts 132,__zero_reg__
 117               	.LBB76:
 118               	.LSM22:
 119 001c E0E0      		ldi r30,lo8(0)
 120 001e F0E0      		ldi r31,hi8(0)
 121               	.LVL1:
 122               	/* #APP */
 123               	 ;  197 "Caterina.c" 1
 124 0020 8591      		lpm r24, Z+
 125 0022 9491      		lpm r25, Z
 126               		
 127               	 ;  0 "" 2
 128               	.LVL2:
 129               	/* #NOAPP */
 130               	.LBE76:
 131 0024 8F5F      		subi r24,lo8(-1)
 132 0026 9F4F      		sbci r25,hi8(-1)
 133 0028 01F0      		breq .L10
 134               	.LSM23:
 135 002a 8091 0000 		lds r24,Timeout
 136 002e 9091 0000 		lds r25,(Timeout)+1
 137               	.LVL3:
 138 0032 0196      		adiw r24,1
 139 0034 9093 0000 		sts (Timeout)+1,r25
 140 0038 8093 0000 		sts Timeout,r24
 141               	.LVL4:
 142               	.L10:
 143               	/* epilogue start */
 144               	.LSM24:
 145 003c FF91      		pop r31
 146 003e EF91      		pop r30
 147               	.LVL5:
 148 0040 9F91      		pop r25
 149 0042 8F91      		pop r24
 150               	.LVL6:
 151 0044 2F91      		pop r18
 152 0046 0F90      		pop r0
 153 0048 0FBE      		out __SREG__,r0
 154 004a 0F90      		pop r0
 155 004c 1F90      		pop __zero_reg__
 156 004e 1895      		reti
 157               	.LFE97:
 159               		.section	.text.FetchNextCommandByte,"ax",@progbits
 161               	FetchNextCommandByte:
 162               	.LFB101:
 163               	.LSM25:
 164               	/* prologue: function */
 165               	/* frame size = 0 */
 166               	.LBB77:
 167               	.LBB78:
 168               	.LSM26:
 169 0000 84E0      		ldi r24,lo8(4)
 170 0002 8093 E900 		sts 233,r24
 171 0006 00C0      		rjmp .L12
 172               	.L16:
 173               	.LBE78:
 174               	.LBE77:
 175               	.LBB79:
 176               	.LBB80:
 177               	.LSM27:
 178 0008 8091 E800 		lds r24,232
 179 000c 8B77      		andi r24,lo8(123)
 180 000e 8093 E800 		sts 232,r24
 181 0012 00C0      		rjmp .L13
 182               	.L15:
 183               	.LBE80:
 184               	.LBE79:
 185               	.LSM28:
 186 0014 8EB3      		in r24,62-32
 187 0016 8823      		tst r24
 188 0018 01F0      		breq .L14
 189               	.L13:
 190               	.LBB81:
 191               	.LBB82:
 192               	.LSM29:
 193 001a 8091 E800 		lds r24,232
 194               	.LBE82:
 195               	.LBE81:
 196               	.LSM30:
 197 001e 82FF      		sbrs r24,2
 198 0020 00C0      		rjmp .L15
 199               	.L12:
 200               	.LBB83:
 201               	.LBB84:
 202               	.LSM31:
 203 0022 8091 E800 		lds r24,232
 204               	.LBE84:
 205               	.LBE83:
 206               	.LSM32:
 207 0026 85FF      		sbrs r24,5
 208 0028 00C0      		rjmp .L16
 209               	.LBB85:
 210               	.LBB86:
 211               	.LSM33:
 212 002a 8091 F100 		lds r24,241
 213               	.L14:
 214               	.LBE86:
 215               	.LBE85:
 216               	.LSM34:
 217 002e 0895      		ret
 218               	.LFE101:
 220               		.section	.text.WriteNextResponseByte,"ax",@progbits
 222               	WriteNextResponseByte:
 223               	.LFB102:
 224               	.LSM35:
 225               	.LVL7:
 226               	/* prologue: function */
 227               	/* frame size = 0 */
 228 0000 982F      		mov r25,r24
 229               	.LBB87:
 230               	.LBB88:
 231               	.LSM36:
 232 0002 83E0      		ldi r24,lo8(3)
 233               	.LVL8:
 234 0004 8093 E900 		sts 233,r24
 235               	.LBE88:
 236               	.LBE87:
 237               	.LBB89:
 238               	.LBB90:
 239               	.LSM37:
 240 0008 8091 E800 		lds r24,232
 241               	.LBE90:
 242               	.LBE89:
 243               	.LSM38:
 244 000c 85FD      		sbrc r24,5
 245 000e 00C0      		rjmp .L20
 246               	.LBB91:
 247               	.LBB92:
 248               	.LSM39:
 249 0010 8091 E800 		lds r24,232
 250 0014 8E77      		andi r24,lo8(126)
 251 0016 8093 E800 		sts 232,r24
 252 001a 00C0      		rjmp .L21
 253               	.L23:
 254               	.LBE92:
 255               	.LBE91:
 256               	.LSM40:
 257 001c 8EB3      		in r24,62-32
 258 001e 8823      		tst r24
 259 0020 01F0      		breq .L24
 260               	.L21:
 261               	.LBB93:
 262               	.LBB94:
 263               	.LSM41:
 264 0022 8091 E800 		lds r24,232
 265               	.LBE94:
 266               	.LBE93:
 267               	.LSM42:
 268 0026 80FF      		sbrs r24,0
 269 0028 00C0      		rjmp .L23
 270               	.L20:
 271               	.LBB95:
 272               	.LBB96:
 273               	.LSM43:
 274 002a 9093 F100 		sts 241,r25
 275               	.L24:
 276 002e 0895      		ret
 277               	.LBE96:
 278               	.LBE95:
 279               	.LFE102:
 281               		.data
 282               	.LC0:
 283 0000 4341 5445 		.string	"CATERINA"
 283      5249 4E41 
 283      00
 284               		.section	.text.CDC_Task,"ax",@progbits
 285               	.global	CDC_Task
 287               	CDC_Task:
 288               	.LFB103:
 289               	.LSM44:
 290 0000 4F92      		push r4
 291 0002 5F92      		push r5
 292 0004 6F92      		push r6
 293 0006 7F92      		push r7
 294 0008 8F92      		push r8
 295 000a 9F92      		push r9
 296 000c AF92      		push r10
 297 000e BF92      		push r11
 298 0010 CF92      		push r12
 299 0012 DF92      		push r13
 300 0014 EF92      		push r14
 301 0016 FF92      		push r15
 302 0018 0F93      		push r16
 303 001a 1F93      		push r17
 304 001c CF93      		push r28
 305 001e DF93      		push r29
 306               	/* prologue: function */
 307               	/* frame size = 0 */
 308               	.LBB129:
 309               	.LBB130:
 310               	.LSM45:
 311 0020 84E0      		ldi r24,lo8(4)
 312 0022 8093 E900 		sts 233,r24
 313               	.LBE130:
 314               	.LBE129:
 315               	.LBB131:
 316               	.LBB132:
 317               	.LSM46:
 318 0026 8091 E800 		lds r24,232
 319               	.LBE132:
 320               	.LBE131:
 321               	.LSM47:
 322 002a 82FF      		sbrs r24,2
 323 002c 00C0      		rjmp .L82
 324               	.LSM48:
 325 002e 0E94 0000 		call FetchNextCommandByte
 326 0032 182F      		mov r17,r24
 327               	.LVL9:
 328               	.LSM49:
 329 0034 8534      		cpi r24,lo8(69)
 330 0036 01F4      		brne .L27
 331               	.LVL10:
 332               	.LSM50:
 333 0038 8CEA      		ldi r24,lo8(3500)
 334 003a 9DE0      		ldi r25,hi8(3500)
 335               	.LVL11:
 336 003c 9093 0000 		sts (Timeout)+1,r25
 337 0040 8093 0000 		sts Timeout,r24
 338               	.L28:
 339               	.LSM51:
 340 0044 07B6      		in __tmp_reg__,87-32
 341 0046 00FC      		sbrc __tmp_reg__,0
 342 0048 00C0      		rjmp .L28
 343               	.L83:
 344 004a F999      		sbic 63-32,1
 345 004c 00C0      		rjmp .L83
 346 004e 81E1      		ldi r24,lo8(17)
 347               	/* #APP */
 348               	 ;  477 "Caterina.c" 1
 349 0050 8093 5700 		sts 87, r24
 350 0054 E895      		spm
 351               		
 352               	 ;  0 "" 2
 353               	/* #NOAPP */
 354 0056 00C0      		rjmp .L96
 355               	.LVL12:
 356               	.L27:
 357               	.LSM52:
 358 0058 8435      		cpi r24,lo8(84)
 359 005a 01F4      		brne .L31
 360               	.LSM53:
 361 005c 0E94 0000 		call FetchNextCommandByte
 362               	.LVL13:
 363               	.L96:
 364               	.LSM54:
 365 0060 8DE0      		ldi r24,lo8(13)
 366 0062 00C0      		rjmp .L95
 367               	.LVL14:
 368               	.L31:
 369               	.LSM55:
 370 0064 8C34      		cpi r24,lo8(76)
 371 0066 01F0      		breq .L96
 372 0068 8035      		cpi r24,lo8(80)
 373 006a 01F0      		breq .L96
 374               	.L33:
 375               	.LSM56:
 376 006c 8437      		cpi r24,lo8(116)
 377 006e 01F4      		brne .L34
 378               	.LSM57:
 379 0070 84E4      		ldi r24,lo8(68)
 380               	.LVL15:
 381 0072 0E94 0000 		call WriteNextResponseByte
 382               	.LSM58:
 383 0076 80E0      		ldi r24,lo8(0)
 384 0078 00C0      		rjmp .L95
 385               	.LVL16:
 386               	.L34:
 387               	.LSM59:
 388 007a 8136      		cpi r24,lo8(97)
 389 007c 01F4      		brne .L35
 390               	.LSM60:
 391 007e 89E5      		ldi r24,lo8(89)
 392               	.LVL17:
 393 0080 00C0      		rjmp .L95
 394               	.LVL18:
 395               	.L35:
 396               	.LSM61:
 397 0082 8134      		cpi r24,lo8(65)
 398 0084 01F4      		brne .L36
 399               	.LSM62:
 400 0086 0E94 0000 		call FetchNextCommandByte
 401               	.LVL19:
 402 008a 182F      		mov r17,r24
 403               	.LVL20:
 404               	.LSM63:
 405 008c 0E94 0000 		call FetchNextCommandByte
 406 0090 90E0      		ldi r25,lo8(0)
 407 0092 880F      		lsl r24
 408 0094 991F      		rol r25
 409 0096 AA27      		clr r26
 410 0098 97FD      		sbrc r25,7
 411 009a A095      		com r26
 412 009c BA2F      		mov r27,r26
 413 009e 312F      		mov r19,r17
 414 00a0 330F      		lsl r19
 415 00a2 20E0      		ldi r18,lo8(0)
 416 00a4 4427      		clr r20
 417 00a6 37FD      		sbrc r19,7
 418 00a8 4095      		com r20
 419 00aa 542F      		mov r21,r20
 420 00ac 822B      		or r24,r18
 421 00ae 932B      		or r25,r19
 422 00b0 A42B      		or r26,r20
 423 00b2 B52B      		or r27,r21
 424 00b4 00C0      		rjmp .L98
 425               	.LVL21:
 426               	.L36:
 427               	.LSM64:
 428 00b6 8037      		cpi r24,lo8(112)
 429 00b8 01F4      		brne .L37
 430               	.LSM65:
 431 00ba 83E5      		ldi r24,lo8(83)
 432               	.LVL22:
 433 00bc 00C0      		rjmp .L95
 434               	.LVL23:
 435               	.L37:
 436               	.LSM66:
 437 00be 8335      		cpi r24,lo8(83)
 438 00c0 01F4      		brne .L38
 439 00c2 C0E0      		ldi r28,lo8(.LC0)
 440 00c4 D0E0      		ldi r29,hi8(.LC0)
 441               	.L39:
 442               	.LBB133:
 443               	.LSM67:
 444 00c6 8991      		ld r24,Y+
 445               	.LVL24:
 446 00c8 0E94 0000 		call WriteNextResponseByte
 447               	.LSM68:
 448 00cc 20E0      		ldi r18,hi8(.LC0+7)
 449 00ce C030      		cpi r28,lo8(.LC0+7)
 450 00d0 D207      		cpc r29,r18
 451 00d2 01F4      		brne .L39
 452 00d4 00C0      		rjmp .L30
 453               	.LVL25:
 454               	.L38:
 455               	.LBE133:
 456               	.LSM69:
 457 00d6 8635      		cpi r24,lo8(86)
 458 00d8 01F4      		brne .L40
 459               	.LSM70:
 460 00da 81E3      		ldi r24,lo8(49)
 461               	.LVL26:
 462 00dc 0E94 0000 		call WriteNextResponseByte
 463               	.LSM71:
 464 00e0 80E3      		ldi r24,lo8(48)
 465 00e2 00C0      		rjmp .L95
 466               	.LVL27:
 467               	.L40:
 468               	.LSM72:
 469 00e4 8337      		cpi r24,lo8(115)
 470 00e6 01F4      		brne .L41
 471               	.LSM73:
 472 00e8 87E8      		ldi r24,lo8(-121)
 473               	.LVL28:
 474 00ea 0E94 0000 		call WriteNextResponseByte
 475               	.LSM74:
 476 00ee 85E9      		ldi r24,lo8(-107)
 477 00f0 0E94 0000 		call WriteNextResponseByte
 478               	.LSM75:
 479 00f4 8EE1      		ldi r24,lo8(30)
 480 00f6 00C0      		rjmp .L95
 481               	.LVL29:
 482               	.L41:
 483               	.LSM76:
 484 00f8 8536      		cpi r24,lo8(101)
 485 00fa 01F4      		brne .L42
 486 00fc E0E0      		ldi r30,lo8(0)
 487 00fe F0E0      		ldi r31,hi8(0)
 488               	.LBB134:
 489               	.LSM77:
 490 0100 93E0      		ldi r25,lo8(3)
 491               	.LSM78:
 492 0102 85E0      		ldi r24,lo8(5)
 493               	.LVL30:
 494               	.L45:
 495               	.LSM79:
 496               	/* #APP */
 497               	 ;  541 "Caterina.c" 1
 498 0104 9093 5700 		sts 87, r25
 499 0108 E895      		spm
 500               		
 501               	 ;  0 "" 2
 502               	/* #NOAPP */
 503               	.L43:
 504               	.LSM80:
 505 010a 07B6      		in __tmp_reg__,87-32
 506 010c 00FC      		sbrc __tmp_reg__,0
 507 010e 00C0      		rjmp .L43
 508               	.LSM81:
 509               	/* #APP */
 510               	 ;  543 "Caterina.c" 1
 511 0110 8093 5700 		sts 87, r24
 512 0114 E895      		spm
 513               		
 514               	 ;  0 "" 2
 515               	/* #NOAPP */
 516               	.L44:
 517               	.LSM82:
 518 0116 07B6      		in __tmp_reg__,87-32
 519 0118 00FC      		sbrc __tmp_reg__,0
 520 011a 00C0      		rjmp .L44
 521 011c E058      		subi r30,lo8(-(128))
 522 011e FF4F      		sbci r31,hi8(-(128))
 523               	.LSM83:
 524 0120 A0E7      		ldi r26,hi8(28672)
 525 0122 E030      		cpi r30,lo8(28672)
 526 0124 FA07      		cpc r31,r26
 527 0126 01F4      		brne .L45
 528 0128 00C0      		rjmp .L96
 529               	.LVL31:
 530               	.L42:
 531               	.LBE134:
 532               	.LSM84:
 533 012a 8237      		cpi r24,lo8(114)
 534 012c 01F4      		brne .L46
 535               	.LBB135:
 536               	.LSM85:
 537 012e E1E0      		ldi r30,lo8(1)
 538 0130 F0E0      		ldi r31,hi8(1)
 539 0132 89E0      		ldi r24,lo8(9)
 540               	.LVL32:
 541               	/* #APP */
 542               	 ;  562 "Caterina.c" 1
 543 0134 8093 5700 		sts 87, r24
 544 0138 8491      		lpm r24, Z
 545               		
 546               	 ;  0 "" 2
 547               	.LVL33:
 548               	/* #NOAPP */
 549 013a 00C0      		rjmp .L95
 550               	.LVL34:
 551               	.L46:
 552               	.LBE135:
 553               	.LSM86:
 554 013c 8634      		cpi r24,lo8(70)
 555 013e 01F4      		brne .L47
 556               	.LBB136:
 557               	.LSM87:
 558 0140 E0E0      		ldi r30,lo8(0)
 559 0142 F0E0      		ldi r31,hi8(0)
 560 0144 89E0      		ldi r24,lo8(9)
 561               	.LVL35:
 562               	/* #APP */
 563               	 ;  566 "Caterina.c" 1
 564 0146 8093 5700 		sts 87, r24
 565 014a 8491      		lpm r24, Z
 566               		
 567               	 ;  0 "" 2
 568               	.LVL36:
 569               	/* #NOAPP */
 570 014c 00C0      		rjmp .L95
 571               	.LVL37:
 572               	.L47:
 573               	.LBE136:
 574               	.LSM88:
 575 014e 8E34      		cpi r24,lo8(78)
 576 0150 01F4      		brne .L48
 577               	.LBB137:
 578               	.LSM89:
 579 0152 E3E0      		ldi r30,lo8(3)
 580 0154 F0E0      		ldi r31,hi8(3)
 581 0156 89E0      		ldi r24,lo8(9)
 582               	.LVL38:
 583               	/* #APP */
 584               	 ;  570 "Caterina.c" 1
 585 0158 8093 5700 		sts 87, r24
 586 015c 8491      		lpm r24, Z
 587               		
 588               	 ;  0 "" 2
 589               	.LVL39:
 590               	/* #NOAPP */
 591 015e 00C0      		rjmp .L95
 592               	.LVL40:
 593               	.L48:
 594               	.LBE137:
 595               	.LSM90:
 596 0160 8135      		cpi r24,lo8(81)
 597 0162 01F4      		brne .L49
 598               	.LBB138:
 599               	.LSM91:
 600 0164 E2E0      		ldi r30,lo8(2)
 601 0166 F0E0      		ldi r31,hi8(2)
 602 0168 89E0      		ldi r24,lo8(9)
 603               	.LVL41:
 604               	/* #APP */
 605               	 ;  574 "Caterina.c" 1
 606 016a 8093 5700 		sts 87, r24
 607 016e 8491      		lpm r24, Z
 608               		
 609               	 ;  0 "" 2
 610               	.LVL42:
 611               	/* #NOAPP */
 612 0170 00C0      		rjmp .L95
 613               	.LVL43:
 614               	.L49:
 615               	.LBE138:
 616               	.LSM92:
 617 0172 8236      		cpi r24,lo8(98)
 618 0174 01F4      		brne .L50
 619               	.LSM93:
 620 0176 89E5      		ldi r24,lo8(89)
 621               	.LVL44:
 622 0178 0E94 0000 		call WriteNextResponseByte
 623               	.LSM94:
 624 017c 80E0      		ldi r24,lo8(0)
 625 017e 0E94 0000 		call WriteNextResponseByte
 626               	.LSM95:
 627 0182 80E8      		ldi r24,lo8(-128)
 628 0184 00C0      		rjmp .L95
 629               	.LVL45:
 630               	.L50:
 631               	.LSM96:
 632 0186 8234      		cpi r24,lo8(66)
 633 0188 01F0      		breq .L51
 634 018a 8736      		cpi r24,lo8(103)
 635 018c 01F0      		breq .+2
 636 018e 00C0      		rjmp .L52
 637               	.L51:
 638               	.LSM97:
 639 0190 1092 0000 		sts (Timeout)+1,__zero_reg__
 640 0194 1092 0000 		sts Timeout,__zero_reg__
 641               	.LBB139:
 642               	.LSM98:
 643 0198 0E94 0000 		call FetchNextCommandByte
 644               	.LVL46:
 645 019c 082F      		mov r16,r24
 646               	.LSM99:
 647 019e 0E94 0000 		call FetchNextCommandByte
 648 01a2 F82E      		mov r15,r24
 649               	.LSM100:
 650 01a4 0E94 0000 		call FetchNextCommandByte
 651 01a8 682E      		mov r6,r24
 652               	.LVL47:
 653               	.LBB140:
 654               	.LSM101:
 655 01aa 8554      		subi r24,lo8(-(-69))
 656 01ac 8230      		cpi r24,lo8(2)
 657 01ae 00F0      		brlo .+2
 658 01b0 00C0      		rjmp .L97
 659               	.L53:
 660               	.LSM102:
 661 01b2 902F      		mov r25,r16
 662               	.LVL48:
 663 01b4 80E0      		ldi r24,lo8(0)
 664               	.LVL49:
 665               	.LSM103:
 666 01b6 CF2D      		mov r28,r15
 667               	.LVL50:
 668 01b8 D0E0      		ldi r29,lo8(0)
 669               	.LVL51:
 670 01ba C82B      		or r28,r24
 671 01bc D92B      		or r29,r25
 672               	.LVL52:
 673               	.LSM104:
 674 01be 1092 6F00 		sts 111,__zero_reg__
 675               	.LSM105:
 676 01c2 1736      		cpi r17,lo8(103)
 677 01c4 01F0      		breq .+2
 678 01c6 00C0      		rjmp .L54
 679               	.LSM106:
 680 01c8 81E1      		ldi r24,lo8(17)
 681               	/* #APP */
 682               	 ;  296 "Caterina.c" 1
 683 01ca 8093 5700 		sts 87, r24
 684 01ce E895      		spm
 685               		
 686               	 ;  0 "" 2
 687               	/* #NOAPP */
 688 01d0 DD24      		clr r13
 689               	.LVL53:
 690               	.LSM107:
 691 01d2 CC24      		clr r12
 692 01d4 C394      		inc r12
 693 01d6 00C0      		rjmp .L55
 694               	.L59:
 695 01d8 E090 0000 		lds r14,CurrAddress
 696 01dc F090 0000 		lds r15,(CurrAddress)+1
 697 01e0 0091 0000 		lds r16,(CurrAddress)+2
 698 01e4 1091 0000 		lds r17,(CurrAddress)+3
 699               	.LSM108:
 700 01e8 B6E4      		ldi r27,lo8(70)
 701 01ea 6B16      		cp r6,r27
 702 01ec 01F4      		brne .L56
 703               	.LBB144:
 704               	.LSM109:
 705 01ee ED2D      		mov r30,r13
 706 01f0 F0E0      		ldi r31,lo8(0)
 707               	.LVL54:
 708 01f2 EE29      		or r30,r14
 709 01f4 FF29      		or r31,r15
 710               	.LVL55:
 711               	/* #APP */
 712               	 ;  306 "Caterina.c" 1
 713 01f6 E491      		lpm r30, Z
 714               		
 715               	 ;  0 "" 2
 716               	.LVL56:
 717               	/* #NOAPP */
 718               	.LBE144:
 719 01f8 8E2F      		mov r24,r30
 720 01fa 0E94 0000 		call WriteNextResponseByte
 721               	.LVL57:
 722               	.LSM110:
 723 01fe DD20      		tst r13
 724               	.LVL58:
 725 0200 01F0      		breq .L57
 726               	.LSM111:
 727 0202 82E0      		ldi r24,lo8(2)
 728 0204 90E0      		ldi r25,hi8(2)
 729 0206 A0E0      		ldi r26,hlo8(2)
 730 0208 B0E0      		ldi r27,hhi8(2)
 731 020a E80E      		add r14,r24
 732 020c F91E      		adc r15,r25
 733 020e 0A1F      		adc r16,r26
 734 0210 1B1F      		adc r17,r27
 735 0212 E092 0000 		sts CurrAddress,r14
 736 0216 F092 0000 		sts (CurrAddress)+1,r15
 737 021a 0093 0000 		sts (CurrAddress)+2,r16
 738 021e 1093 0000 		sts (CurrAddress)+3,r17
 739               	.L57:
 740               	.LSM112:
 741 0222 DC24      		eor r13,r12
 742 0224 00C0      		rjmp .L58
 743               	.L56:
 744               	.LBE140:
 745               	.LSM113:
 746 0226 D801      		movw r26,r16
 747 0228 C701      		movw r24,r14
 748 022a B695      		lsr r27
 749 022c A795      		ror r26
 750 022e 9795      		ror r25
 751 0230 8795      		ror r24
 752 0232 0E94 0000 		call __eerd_byte_m32u4
 753               	.LBB148:
 754 0236 0E94 0000 		call WriteNextResponseByte
 755               	.LSM114:
 756 023a 82E0      		ldi r24,lo8(2)
 757 023c 90E0      		ldi r25,hi8(2)
 758 023e A0E0      		ldi r26,hlo8(2)
 759 0240 B0E0      		ldi r27,hhi8(2)
 760 0242 E80E      		add r14,r24
 761 0244 F91E      		adc r15,r25
 762 0246 0A1F      		adc r16,r26
 763 0248 1B1F      		adc r17,r27
 764 024a E092 0000 		sts CurrAddress,r14
 765 024e F092 0000 		sts (CurrAddress)+1,r15
 766 0252 0093 0000 		sts (CurrAddress)+2,r16
 767 0256 1093 0000 		sts (CurrAddress)+3,r17
 768               	.L58:
 769 025a 2197      		sbiw r28,1
 770               	.L55:
 771               	.LSM115:
 772 025c 2097      		sbiw r28,0
 773 025e 01F0      		breq .+2
 774 0260 00C0      		rjmp .L59
 775 0262 00C0      		rjmp .L60
 776               	.LVL59:
 777               	.L54:
 778               	.LBB143:
 779               	.LSM116:
 780 0264 8090 0000 		lds r8,CurrAddress
 781 0268 9090 0000 		lds r9,(CurrAddress)+1
 782 026c A090 0000 		lds r10,(CurrAddress)+2
 783 0270 B090 0000 		lds r11,(CurrAddress)+3
 784               	.LVL60:
 785               	.LSM117:
 786 0274 96E4      		ldi r25,lo8(70)
 787 0276 6916      		cp r6,r25
 788 0278 01F0      		breq .+2
 789 027a 00C0      		rjmp .L61
 790               	.LSM118:
 791 027c 83E0      		ldi r24,lo8(3)
 792 027e F401      		movw r30,r8
 793               	.LVL61:
 794               	/* #APP */
 795               	 ;  331 "Caterina.c" 1
 796 0280 8093 5700 		sts 87, r24
 797 0284 E895      		spm
 798               		
 799               	 ;  0 "" 2
 800               	/* #NOAPP */
 801               	.L62:
 802               	.LBE143:
 803               	.LBE148:
 804               	.LSM119:
 805 0286 07B6      		in __tmp_reg__,87-32
 806 0288 00FC      		sbrc __tmp_reg__,0
 807 028a 00C0      		rjmp .L62
 808 028c 00C0      		rjmp .L61
 809               	.LVL62:
 810               	.L68:
 811               	.LBB149:
 812               	.LBB145:
 813               	.LSM120:
 814 028e F6E4      		ldi r31,lo8(70)
 815 0290 6F16      		cp r6,r31
 816 0292 01F4      		brne .L63
 817               	.LSM121:
 818 0294 7720      		tst r7
 819 0296 01F0      		breq .L64
 820               	.LSM122:
 821 0298 E090 0000 		lds r14,CurrAddress
 822 029c F090 0000 		lds r15,(CurrAddress)+1
 823 02a0 0091 0000 		lds r16,(CurrAddress)+2
 824 02a4 1091 0000 		lds r17,(CurrAddress)+3
 825               	.LBE145:
 826               	.LBE149:
 827 02a8 0E94 0000 		call FetchNextCommandByte
 828               	.LVL63:
 829               	.LBB150:
 830               	.LBB142:
 831 02ac D82E      		mov r13,r24
 832 02ae CC24      		clr r12
 833 02b0 852D      		mov r24,r5
 834 02b2 90E0      		ldi r25,lo8(0)
 835               	.LVL64:
 836 02b4 8C29      		or r24,r12
 837 02b6 9D29      		or r25,r13
 838               	.LVL65:
 839 02b8 F701      		movw r30,r14
 840               	/* #APP */
 841               	 ;  343 "Caterina.c" 1
 842 02ba 0C01      		movw  r0, r24
 843 02bc 4092 5700 		sts 87, r4
 844 02c0 E895      		spm
 845 02c2 1124      		clr  r1
 846               		
 847               	 ;  0 "" 2
 848               	.LSM123:
 849               	/* #NOAPP */
 850 02c4 82E0      		ldi r24,lo8(2)
 851 02c6 90E0      		ldi r25,hi8(2)
 852 02c8 A0E0      		ldi r26,hlo8(2)
 853 02ca B0E0      		ldi r27,hhi8(2)
 854               	.LVL66:
 855 02cc E80E      		add r14,r24
 856 02ce F91E      		adc r15,r25
 857 02d0 0A1F      		adc r16,r26
 858 02d2 1B1F      		adc r17,r27
 859 02d4 E092 0000 		sts CurrAddress,r14
 860 02d8 F092 0000 		sts (CurrAddress)+1,r15
 861 02dc 0093 0000 		sts (CurrAddress)+2,r16
 862 02e0 1093 0000 		sts (CurrAddress)+3,r17
 863 02e4 00C0      		rjmp .L65
 864               	.LVL67:
 865               	.L64:
 866               	.LBE142:
 867               	.LBE150:
 868               	.LSM124:
 869 02e6 0E94 0000 		call FetchNextCommandByte
 870               	.LVL68:
 871 02ea 582E      		mov r5,r24
 872               	.LVL69:
 873               	.L65:
 874               	.LBB151:
 875               	.LBB146:
 876               	.LSM125:
 877 02ec 7424      		eor r7,r4
 878 02ee 00C0      		rjmp .L66
 879               	.L63:
 880               	.LSM126:
 881 02f0 E090 0000 		lds r14,CurrAddress
 882 02f4 F090 0000 		lds r15,(CurrAddress)+1
 883 02f8 0091 0000 		lds r16,(CurrAddress)+2
 884 02fc 1091 0000 		lds r17,(CurrAddress)+3
 885 0300 1695      		lsr r17
 886 0302 0795      		ror r16
 887 0304 F794      		ror r15
 888 0306 E794      		ror r14
 889               	.LBE146:
 890               	.LBE151:
 891 0308 0E94 0000 		call FetchNextCommandByte
 892               	.LVL70:
 893 030c 682F      		mov r22,r24
 894               	.LBB152:
 895               	.LBB141:
 896 030e C701      		movw r24,r14
 897 0310 0E94 0000 		call __eewr_byte_m32u4
 898               	.LSM127:
 899 0314 8091 0000 		lds r24,CurrAddress
 900 0318 9091 0000 		lds r25,(CurrAddress)+1
 901 031c A091 0000 		lds r26,(CurrAddress)+2
 902 0320 B091 0000 		lds r27,(CurrAddress)+3
 903 0324 0296      		adiw r24,2
 904 0326 A11D      		adc r26,__zero_reg__
 905 0328 B11D      		adc r27,__zero_reg__
 906 032a 8093 0000 		sts CurrAddress,r24
 907 032e 9093 0000 		sts (CurrAddress)+1,r25
 908 0332 A093 0000 		sts (CurrAddress)+2,r26
 909 0336 B093 0000 		sts (CurrAddress)+3,r27
 910               	.LVL71:
 911               	.L66:
 912 033a 2197      		sbiw r28,1
 913 033c 00C0      		rjmp .L67
 914               	.LVL72:
 915               	.L61:
 916 033e 5524      		clr r5
 917               	.LVL73:
 918 0340 7724      		clr r7
 919               	.LVL74:
 920               	.LSM128:
 921 0342 4424      		clr r4
 922 0344 4394      		inc r4
 923               	.LVL75:
 924               	.L67:
 925               	.LSM129:
 926 0346 2097      		sbiw r28,0
 927 0348 01F0      		breq .+2
 928 034a 00C0      		rjmp .L68
 929               	.LSM130:
 930 034c 96E4      		ldi r25,lo8(70)
 931               	.LVL76:
 932 034e 6916      		cp r6,r25
 933 0350 01F4      		brne .L69
 934               	.LSM131:
 935 0352 85E0      		ldi r24,lo8(5)
 936 0354 F401      		movw r30,r8
 937               	.LVL77:
 938               	/* #APP */
 939               	 ;  369 "Caterina.c" 1
 940 0356 8093 5700 		sts 87, r24
 941 035a E895      		spm
 942               		
 943               	 ;  0 "" 2
 944               	/* #NOAPP */
 945               	.L70:
 946               	.LBE141:
 947               	.LBE152:
 948               	.LSM132:
 949 035c 07B6      		in __tmp_reg__,87-32
 950 035e 00FC      		sbrc __tmp_reg__,0
 951 0360 00C0      		rjmp .L70
 952               	.LVL78:
 953               	.L69:
 954               	.LBB153:
 955               	.LBB147:
 956               	.LSM133:
 957 0362 8DE0      		ldi r24,lo8(13)
 958 0364 0E94 0000 		call WriteNextResponseByte
 959               	.LVL79:
 960               	.L60:
 961               	.LBE147:
 962               	.LSM134:
 963 0368 82E0      		ldi r24,lo8(2)
 964 036a 8093 6F00 		sts 111,r24
 965 036e 00C0      		rjmp .L30
 966               	.LVL80:
 967               	.L52:
 968               	.LBE153:
 969               	.LBE139:
 970               	.LSM135:
 971 0370 8334      		cpi r24,lo8(67)
 972 0372 01F4      		brne .L71
 973               	.LSM136:
 974 0374 0091 0000 		lds r16,CurrAddress
 975 0378 1091 0000 		lds r17,(CurrAddress)+1
 976 037c 0E94 0000 		call FetchNextCommandByte
 977               	.LVL81:
 978 0380 90E0      		ldi r25,lo8(0)
 979 0382 21E0      		ldi r18,lo8(1)
 980 0384 F801      		movw r30,r16
 981               	/* #APP */
 982               	 ;  597 "Caterina.c" 1
 983 0386 0C01      		movw  r0, r24
 984 0388 2093 5700 		sts 87, r18
 985 038c E895      		spm
 986 038e 1124      		clr  r1
 987               		
 988               	 ;  0 "" 2
 989               	/* #NOAPP */
 990 0390 00C0      		rjmp .L96
 991               	.LVL82:
 992               	.L71:
 993               	.LSM137:
 994 0392 8336      		cpi r24,lo8(99)
 995 0394 01F4      		brne .L72
 996               	.LSM138:
 997 0396 E090 0000 		lds r14,CurrAddress
 998 039a F090 0000 		lds r15,(CurrAddress)+1
 999 039e 0091 0000 		lds r16,(CurrAddress)+2
 1000 03a2 1091 0000 		lds r17,(CurrAddress)+3
 1001 03a6 0E94 0000 		call FetchNextCommandByte
 1002               	.LVL83:
 1003 03aa F701      		movw r30,r14
 1004 03ac E160      		ori r30,lo8(1)
 1005 03ae 90E0      		ldi r25,lo8(0)
 1006 03b0 21E0      		ldi r18,lo8(1)
 1007               	/* #APP */
 1008               	 ;  605 "Caterina.c" 1
 1009 03b2 0C01      		movw  r0, r24
 1010 03b4 2093 5700 		sts 87, r18
 1011 03b8 E895      		spm
 1012 03ba 1124      		clr  r1
 1013               		
 1014               	 ;  0 "" 2
 1015               	.LSM139:
 1016               	/* #NOAPP */
 1017 03bc 82E0      		ldi r24,lo8(2)
 1018 03be 90E0      		ldi r25,hi8(2)
 1019 03c0 A0E0      		ldi r26,hlo8(2)
 1020 03c2 B0E0      		ldi r27,hhi8(2)
 1021 03c4 E80E      		add r14,r24
 1022 03c6 F91E      		adc r15,r25
 1023 03c8 0A1F      		adc r16,r26
 1024 03ca 1B1F      		adc r17,r27
 1025 03cc E092 0000 		sts CurrAddress,r14
 1026 03d0 F092 0000 		sts (CurrAddress)+1,r15
 1027 03d4 0093 0000 		sts (CurrAddress)+2,r16
 1028 03d8 1093 0000 		sts (CurrAddress)+3,r17
 1029 03dc 00C0      		rjmp .L96
 1030               	.LVL84:
 1031               	.L72:
 1032               	.LSM140:
 1033 03de 8D36      		cpi r24,lo8(109)
 1034 03e0 01F4      		brne .L73
 1035               	.LSM141:
 1036 03e2 E091 0000 		lds r30,CurrAddress
 1037 03e6 F091 0000 		lds r31,(CurrAddress)+1
 1038 03ea 85E0      		ldi r24,lo8(5)
 1039               	.LVL85:
 1040               	/* #APP */
 1041               	 ;  616 "Caterina.c" 1
 1042 03ec 8093 5700 		sts 87, r24
 1043 03f0 E895      		spm
 1044               		
 1045               	 ;  0 "" 2
 1046               	/* #NOAPP */
 1047               	.L74:
 1048               	.LSM142:
 1049 03f2 07B6      		in __tmp_reg__,87-32
 1050 03f4 00FC      		sbrc __tmp_reg__,0
 1051 03f6 00C0      		rjmp .L74
 1052 03f8 00C0      		rjmp .L96
 1053               	.LVL86:
 1054               	.L73:
 1055               	.LSM143:
 1056 03fa 8235      		cpi r24,lo8(82)
 1057 03fc 01F4      		brne .L75
 1058               	.LBB154:
 1059               	.LBB155:
 1060               	.LSM144:
 1061 03fe E091 0000 		lds r30,CurrAddress
 1062 0402 F091 0000 		lds r31,(CurrAddress)+1
 1063               	.LVL87:
 1064               	/* #APP */
 1065               	 ;  629 "Caterina.c" 1
 1066 0406 0591      		lpm r16, Z+
 1067 0408 1491      		lpm r17, Z
 1068               		
 1069               	 ;  0 "" 2
 1070               	.LVL88:
 1071               	/* #NOAPP */
 1072               	.LBE155:
 1073               	.LSM145:
 1074 040a 812F      		mov r24,r17
 1075               	.LVL89:
 1076 040c 0E94 0000 		call WriteNextResponseByte
 1077               	.LVL90:
 1078               	.LSM146:
 1079 0410 802F      		mov r24,r16
 1080 0412 00C0      		rjmp .L95
 1081               	.LVL91:
 1082               	.L75:
 1083               	.LBE154:
 1084               	.LSM147:
 1085 0414 8434      		cpi r24,lo8(68)
 1086 0416 01F4      		brne .L76
 1087               	.LSM148:
 1088 0418 E090 0000 		lds r14,CurrAddress
 1089 041c F090 0000 		lds r15,(CurrAddress)+1
 1090 0420 0091 0000 		lds r16,(CurrAddress)+2
 1091 0424 1091 0000 		lds r17,(CurrAddress)+3
 1092 0428 1695      		lsr r17
 1093 042a 0795      		ror r16
 1094 042c F794      		ror r15
 1095 042e E794      		ror r14
 1096 0430 0E94 0000 		call FetchNextCommandByte
 1097               	.LVL92:
 1098 0434 682F      		mov r22,r24
 1099 0436 C701      		movw r24,r14
 1100 0438 0E94 0000 		call __eewr_byte_m32u4
 1101               	.LSM149:
 1102 043c 8091 0000 		lds r24,CurrAddress
 1103 0440 9091 0000 		lds r25,(CurrAddress)+1
 1104 0444 A091 0000 		lds r26,(CurrAddress)+2
 1105 0448 B091 0000 		lds r27,(CurrAddress)+3
 1106 044c 0296      		adiw r24,2
 1107 044e A11D      		adc r26,__zero_reg__
 1108 0450 B11D      		adc r27,__zero_reg__
 1109               	.L98:
 1110 0452 8093 0000 		sts CurrAddress,r24
 1111 0456 9093 0000 		sts (CurrAddress)+1,r25
 1112 045a A093 0000 		sts (CurrAddress)+2,r26
 1113 045e B093 0000 		sts (CurrAddress)+3,r27
 1114 0462 00C0      		rjmp .L96
 1115               	.LVL93:
 1116               	.L76:
 1117               	.LSM150:
 1118 0464 8436      		cpi r24,lo8(100)
 1119 0466 01F4      		brne .L77
 1120               	.LSM151:
 1121 0468 E090 0000 		lds r14,CurrAddress
 1122 046c F090 0000 		lds r15,(CurrAddress)+1
 1123 0470 0091 0000 		lds r16,(CurrAddress)+2
 1124 0474 1091 0000 		lds r17,(CurrAddress)+3
 1125 0478 D801      		movw r26,r16
 1126 047a C701      		movw r24,r14
 1127               	.LVL94:
 1128 047c B695      		lsr r27
 1129 047e A795      		ror r26
 1130 0480 9795      		ror r25
 1131 0482 8795      		ror r24
 1132 0484 0E94 0000 		call __eerd_byte_m32u4
 1133 0488 0E94 0000 		call WriteNextResponseByte
 1134               	.LSM152:
 1135 048c 82E0      		ldi r24,lo8(2)
 1136 048e 90E0      		ldi r25,hi8(2)
 1137 0490 A0E0      		ldi r26,hlo8(2)
 1138 0492 B0E0      		ldi r27,hhi8(2)
 1139 0494 E80E      		add r14,r24
 1140 0496 F91E      		adc r15,r25
 1141 0498 0A1F      		adc r16,r26
 1142 049a 1B1F      		adc r17,r27
 1143 049c E092 0000 		sts CurrAddress,r14
 1144 04a0 F092 0000 		sts (CurrAddress)+1,r15
 1145 04a4 0093 0000 		sts (CurrAddress)+2,r16
 1146 04a8 1093 0000 		sts (CurrAddress)+3,r17
 1147 04ac 00C0      		rjmp .L30
 1148               	.LVL95:
 1149               	.L77:
 1150               	.LSM153:
 1151 04ae 8B31      		cpi r24,lo8(27)
 1152 04b0 01F0      		breq .L30
 1153               	.LVL96:
 1154               	.L97:
 1155               	.LSM154:
 1156 04b2 8FE3      		ldi r24,lo8(63)
 1157               	.LVL97:
 1158               	.L95:
 1159 04b4 0E94 0000 		call WriteNextResponseByte
 1160               	.LVL98:
 1161               	.L30:
 1162               	.LBB156:
 1163               	.LBB157:
 1164               	.LSM155:
 1165 04b8 83E0      		ldi r24,lo8(3)
 1166 04ba 8093 E900 		sts 233,r24
 1167               	.LBE157:
 1168               	.LBE156:
 1169               	.LBB158:
 1170               	.LBB159:
 1171               	.LSM156:
 1172 04be 9091 E800 		lds r25,232
 1173               	.LBE159:
 1174               	.LBE158:
 1175               	.LBB160:
 1176               	.LBB161:
 1177               	.LSM157:
 1178 04c2 8091 E800 		lds r24,232
 1179 04c6 8E77      		andi r24,lo8(126)
 1180 04c8 8093 E800 		sts 232,r24
 1181               	.LBE161:
 1182               	.LBE160:
 1183               	.LSM158:
 1184 04cc 95FF      		sbrs r25,5
 1185 04ce 00C0      		rjmp .L93
 1186 04d0 00C0      		rjmp .L94
 1187               	.L80:
 1188               	.LSM159:
 1189 04d2 8EB3      		in r24,62-32
 1190 04d4 8823      		tst r24
 1191 04d6 01F0      		breq .L82
 1192               	.L93:
 1193               	.LBB162:
 1194               	.LBB163:
 1195               	.LSM160:
 1196 04d8 8091 E800 		lds r24,232
 1197               	.LBE163:
 1198               	.LBE162:
 1199               	.LSM161:
 1200 04dc 80FF      		sbrs r24,0
 1201 04de 00C0      		rjmp .L80
 1202               	.LBB164:
 1203               	.LBB165:
 1204               	.LSM162:
 1205 04e0 8091 E800 		lds r24,232
 1206 04e4 8E77      		andi r24,lo8(126)
 1207 04e6 8093 E800 		sts 232,r24
 1208 04ea 00C0      		rjmp .L94
 1209               	.L81:
 1210               	.LBE165:
 1211               	.LBE164:
 1212               	.LSM163:
 1213 04ec 8EB3      		in r24,62-32
 1214 04ee 8823      		tst r24
 1215 04f0 01F0      		breq .L82
 1216               	.L94:
 1217               	.LBB166:
 1218               	.LBB167:
 1219               	.LSM164:
 1220 04f2 8091 E800 		lds r24,232
 1221               	.LBE167:
 1222               	.LBE166:
 1223               	.LSM165:
 1224 04f6 80FF      		sbrs r24,0
 1225 04f8 00C0      		rjmp .L81
 1226               	.LBB168:
 1227               	.LBB169:
 1228               	.LSM166:
 1229 04fa 84E0      		ldi r24,lo8(4)
 1230 04fc 8093 E900 		sts 233,r24
 1231               	.LBE169:
 1232               	.LBE168:
 1233               	.LBB170:
 1234               	.LBB171:
 1235               	.LSM167:
 1236 0500 8091 E800 		lds r24,232
 1237 0504 8B77      		andi r24,lo8(123)
 1238 0506 8093 E800 		sts 232,r24
 1239               	.L82:
 1240               	/* epilogue start */
 1241               	.LBE171:
 1242               	.LBE170:
 1243               	.LSM168:
 1244 050a DF91      		pop r29
 1245               	.LVL99:
 1246 050c CF91      		pop r28
 1247               	.LVL100:
 1248 050e 1F91      		pop r17
 1249               	.LVL101:
 1250 0510 0F91      		pop r16
 1251               	.LVL102:
 1252 0512 FF90      		pop r15
 1253 0514 EF90      		pop r14
 1254 0516 DF90      		pop r13
 1255 0518 CF90      		pop r12
 1256 051a BF90      		pop r11
 1257 051c AF90      		pop r10
 1258 051e 9F90      		pop r9
 1259 0520 8F90      		pop r8
 1260               	.LVL103:
 1261 0522 7F90      		pop r7
 1262               	.LVL104:
 1263 0524 6F90      		pop r6
 1264               	.LVL105:
 1265 0526 5F90      		pop r5
 1266               	.LVL106:
 1267 0528 4F90      		pop r4
 1268 052a 0895      		ret
 1269               	.LFE103:
 1271               		.section	.text.EVENT_USB_Device_ControlRequest,"ax",@progbits
 1272               	.global	EVENT_USB_Device_ControlRequest
 1274               	EVENT_USB_Device_ControlRequest:
 1275               	.LFB99:
 1276               	.LSM169:
 1277               	/* prologue: function */
 1278               	/* frame size = 0 */
 1279               	.LSM170:
 1280 0000 9091 0000 		lds r25,USB_ControlRequest
 1281 0004 892F      		mov r24,r25
 1282 0006 8F77      		andi r24,lo8(127)
 1283 0008 8132      		cpi r24,lo8(33)
 1284 000a 01F4      		brne .L103
 1285               	.LSM171:
 1286 000c 8091 0000 		lds r24,USB_ControlRequest+1
 1287 0010 8032      		cpi r24,lo8(32)
 1288 0012 01F0      		breq .L101
 1289 0014 8132      		cpi r24,lo8(33)
 1290 0016 01F4      		brne .L103
 1291               	.LSM172:
 1292 0018 913A      		cpi r25,lo8(-95)
 1293 001a 01F4      		brne .L103
 1294               	.LBB172:
 1295               	.LBB173:
 1296               	.LSM173:
 1297 001c 8091 E800 		lds r24,232
 1298 0020 877F      		andi r24,lo8(-9)
 1299 0022 8093 E800 		sts 232,r24
 1300               	.LBE173:
 1301               	.LBE172:
 1302               	.LSM174:
 1303 0026 80E0      		ldi r24,lo8(LineEncoding)
 1304 0028 90E0      		ldi r25,hi8(LineEncoding)
 1305 002a 67E0      		ldi r22,lo8(7)
 1306 002c 70E0      		ldi r23,hi8(7)
 1307 002e 0E94 0000 		call Endpoint_Write_Control_Stream_LE
 1308               	.LBB174:
 1309               	.LBB175:
 1310               	.LSM175:
 1311 0032 8091 E800 		lds r24,232
 1312 0036 8B77      		andi r24,lo8(123)
 1313 0038 8093 E800 		sts 232,r24
 1314 003c 0895      		ret
 1315               	.L101:
 1316               	.LBE175:
 1317               	.LBE174:
 1318               	.LSM176:
 1319 003e 9132      		cpi r25,lo8(33)
 1320 0040 01F4      		brne .L103
 1321               	.LBB176:
 1322               	.LBB177:
 1323               	.LSM177:
 1324 0042 8091 E800 		lds r24,232
 1325 0046 877F      		andi r24,lo8(-9)
 1326 0048 8093 E800 		sts 232,r24
 1327               	.LBE177:
 1328               	.LBE176:
 1329               	.LSM178:
 1330 004c 80E0      		ldi r24,lo8(LineEncoding)
 1331 004e 90E0      		ldi r25,hi8(LineEncoding)
 1332 0050 67E0      		ldi r22,lo8(7)
 1333 0052 70E0      		ldi r23,hi8(7)
 1334 0054 0E94 0000 		call Endpoint_Read_Control_Stream_LE
 1335               	.LBB178:
 1336               	.LBB179:
 1337               	.LSM179:
 1338 0058 8091 E800 		lds r24,232
 1339 005c 8E77      		andi r24,lo8(126)
 1340 005e 8093 E800 		sts 232,r24
 1341               	.L103:
 1342 0062 0895      		ret
 1343               	.LBE179:
 1344               	.LBE178:
 1345               	.LFE99:
 1347               		.section	.text.EVENT_USB_Device_ConfigurationChanged,"ax",@progbits
 1348               	.global	EVENT_USB_Device_ConfigurationChanged
 1350               	EVENT_USB_Device_ConfigurationChanged:
 1351               	.LFB98:
 1352               	.LSM180:
 1353               	/* prologue: function */
 1354               	/* frame size = 0 */
 1355               	.LBB180:
 1356               	.LBB181:
 1357               	.LSM181:
 1358 0000 82E0      		ldi r24,lo8(2)
 1359 0002 61EC      		ldi r22,lo8(-63)
 1360 0004 42E0      		ldi r20,lo8(2)
 1361 0006 0E94 0000 		call Endpoint_ConfigureEndpoint_Prv
 1362               	.LBE181:
 1363               	.LBE180:
 1364               	.LBB182:
 1365               	.LBB183:
 1366 000a 83E0      		ldi r24,lo8(3)
 1367 000c 61E8      		ldi r22,lo8(-127)
 1368 000e 42E1      		ldi r20,lo8(18)
 1369 0010 0E94 0000 		call Endpoint_ConfigureEndpoint_Prv
 1370               	.LBE183:
 1371               	.LBE182:
 1372               	.LBB184:
 1373               	.LBB185:
 1374 0014 84E0      		ldi r24,lo8(4)
 1375 0016 60E8      		ldi r22,lo8(-128)
 1376 0018 42E1      		ldi r20,lo8(18)
 1377 001a 0E94 0000 		call Endpoint_ConfigureEndpoint_Prv
 1378               	/* epilogue start */
 1379               	.LBE185:
 1380               	.LBE184:
 1381               	.LSM182:
 1382 001e 0895      		ret
 1383               	.LFE98:
 1385               		.section	.text.SetupHardware,"ax",@progbits
 1386               	.global	SetupHardware
 1388               	SetupHardware:
 1389               	.LFB96:
 1390               	.LSM183:
 1391               	/* prologue: function */
 1392               	/* frame size = 0 */
 1393               	.LSM184:
 1394 0000 84B7      		in r24,84-32
 1395 0002 877F      		andi r24,lo8(-9)
 1396 0004 84BF      		out 84-32,r24
 1397               	.LSM185:
 1398 0006 88E1      		ldi r24,lo8(24)
 1399               	/* #APP */
 1400               	 ;  161 "Caterina.c" 1
 1401 0008 0FB6      		in __tmp_reg__, __SREG__
 1402 000a F894      		cli
 1403 000c 8093 6000 		sts 96, r24
 1404 0010 1092 6000 		sts 96, __zero_reg__
 1405 0014 0FBE      		out __SREG__,__tmp_reg__
 1406               		
 1407               	 ;  0 "" 2
 1408               	/* #NOAPP */
 1409               	.LBB186:
 1410               	.LSM186:
 1411 0016 20E8      		ldi r18,lo8(-128)
 1412 0018 80E0      		ldi r24,lo8(0)
 1413 001a 90E0      		ldi r25,hi8(0)
 1414               	/* #APP */
 1415               	 ;  164 "Caterina.c" 1
 1416 001c 0FB6      		in __tmp_reg__,__SREG__
 1417 001e F894      		cli
 1418 0020 2093 6100 		sts 97, r18
 1419 0024 8093 6100 		sts 97, r24
 1420 0028 0FBE      		out __SREG__, __tmp_reg__
 1421               	 ;  0 "" 2
 1422               	/* #NOAPP */
 1423               	.LBE186:
 1424               	.LSM187:
 1425 002a 81E0      		ldi r24,lo8(1)
 1426 002c 85BF      		out 85-32,r24
 1427               	.LSM188:
 1428 002e 92E0      		ldi r25,lo8(2)
 1429 0030 95BF      		out 85-32,r25
 1430               	.LSM189:
 1431 0032 3F9A      		sbi 39-32,7
 1432               	.LSM190:
 1433 0034 E1E6      		ldi r30,lo8(97)
 1434 0036 F0E0      		ldi r31,hi8(97)
 1435 0038 2083      		st Z,r18
 1436 003a 1082      		st Z,__zero_reg__
 1437               	.LSM191:
 1438 003c 4798      		cbi 40-32,7
 1439               	.LSM192:
 1440 003e 1092 8900 		sts 137,__zero_reg__
 1441               	.LSM193:
 1442 0042 8AEF      		ldi r24,lo8(-6)
 1443 0044 8093 8800 		sts 136,r24
 1444               	.LSM194:
 1445 0048 9093 6F00 		sts 111,r25
 1446               	.LSM195:
 1447 004c 83E0      		ldi r24,lo8(3)
 1448 004e 8093 8100 		sts 129,r24
 1449               	.LSM196:
 1450 0052 0E94 0000 		call USB_Init
 1451               	/* epilogue start */
 1452               	.LSM197:
 1453 0056 0895      		ret
 1454               	.LFE96:
 1456               		.section	.text.main,"ax",@progbits
 1457               	.global	main
 1459               	main:
 1460               	.LFB95:
 1461               	.LSM198:
 1462               	/* prologue: function */
 1463               	/* frame size = 0 */
 1464               	.LSM199:
 1465 0000 4091 0008 		lds r20,2048
 1466 0004 5091 0108 		lds r21,(2048)+1
 1467               	.LVL107:
 1468               	.LSM200:
 1469 0008 1092 0108 		sts (2048)+1,__zero_reg__
 1470 000c 1092 0008 		sts 2048,__zero_reg__
 1471               	.LSM201:
 1472 0010 94B7      		in r25,84-32
 1473               	.LVL108:
 1474               	.LSM202:
 1475 0012 14BE      		out 84-32,__zero_reg__
 1476               	.LSM203:
 1477 0014 88E1      		ldi r24,lo8(24)
 1478               	/* #APP */
 1479               	 ;  117 "Caterina.c" 1
 1480 0016 0FB6      		in __tmp_reg__, __SREG__
 1481 0018 F894      		cli
 1482 001a 8093 6000 		sts 96, r24
 1483 001e 1092 6000 		sts 96, __zero_reg__
 1484 0022 0FBE      		out __SREG__,__tmp_reg__
 1485               		
 1486               	 ;  0 "" 2
 1487               	.LSM204:
 1488               	/* #NOAPP */
 1489 0024 292F      		mov r18,r25
 1490 0026 30E0      		ldi r19,lo8(0)
 1491 0028 F901      		movw r30,r18
 1492 002a E270      		andi r30,lo8(2)
 1493 002c F070      		andi r31,hi8(2)
 1494 002e 91FD      		sbrc r25,1
 1495 0030 00C0      		rjmp .L109
 1496               	.LVL109:
 1497               	.LSM205:
 1498 0032 90FF      		sbrs r25,0
 1499 0034 00C0      		rjmp .L110
 1500               	.LBB187:
 1501               	/* #APP */
 1502               	 ;  121 "Caterina.c" 1
 1503 0036 8591      		lpm r24, Z+
 1504 0038 9491      		lpm r25, Z
 1505               		
 1506               	 ;  0 "" 2
 1507               	.LVL110:
 1508               	/* #NOAPP */
 1509               	.LBE187:
 1510 003a 8F5F      		subi r24,lo8(-1)
 1511 003c 9F4F      		sbci r25,hi8(-1)
 1512 003e 01F4      		brne .L115
 1513               	.L110:
 1514               	.LSM206:
 1515 0040 23FF      		sbrs r18,3
 1516 0042 00C0      		rjmp .L109
 1517 0044 8091 0000 		lds r24,bootKey
 1518 0048 9091 0000 		lds r25,(bootKey)+1
 1519               	.LVL111:
 1520 004c 4817      		cp r20,r24
 1521 004e 5907      		cpc r21,r25
 1522 0050 01F0      		breq .L109
 1523               	.LBB188:
 1524 0052 E0E0      		ldi r30,lo8(0)
 1525 0054 F0E0      		ldi r31,hi8(0)
 1526               	.LVL112:
 1527               	/* #APP */
 1528               	 ;  125 "Caterina.c" 1
 1529 0056 8591      		lpm r24, Z+
 1530 0058 9491      		lpm r25, Z
 1531               		
 1532               	 ;  0 "" 2
 1533               	.LVL113:
 1534               	/* #NOAPP */
 1535               	.LBE188:
 1536 005a 8F5F      		subi r24,lo8(-1)
 1537 005c 9F4F      		sbci r25,hi8(-1)
 1538 005e 01F0      		breq .L109
 1539               	.LVL114:
 1540               	.L115:
 1541               	.LSM207:
 1542 0060 0E94 0000 		call StartSketch
 1543               	.LVL115:
 1544               	.L109:
 1545               	.LSM208:
 1546 0064 0E94 0000 		call SetupHardware
 1547               	.LVL116:
 1548               	.LSM209:
 1549               	/* #APP */
 1550               	 ;  134 "Caterina.c" 1
 1551 0068 7894      		sei
 1552               	 ;  0 "" 2
 1553               	.LSM210:
 1554               	/* #NOAPP */
 1555 006a 1092 0000 		sts (Timeout)+1,__zero_reg__
 1556 006e 1092 0000 		sts Timeout,__zero_reg__
 1557 0072 00C0      		rjmp .L111
 1558               	.L113:
 1559               	.LSM211:
 1560 0074 0E94 0000 		call CDC_Task
 1561               	.LSM212:
 1562 0078 0E94 0000 		call USB_USBTask
 1563               	.LSM213:
 1564 007c 8091 0000 		lds r24,Timeout
 1565 0080 9091 0000 		lds r25,(Timeout)+1
 1566 0084 815A      		subi r24,lo8(4001)
 1567 0086 9F40      		sbci r25,hi8(4001)
 1568 0088 00F0      		brlo .L112
 1569               	.LSM214:
 1570 008a 1092 0000 		sts RunBootloader,__zero_reg__
 1571               	.L112:
 1572               	.LSM215:
 1573 008e 0E94 0000 		call LEDPulse
 1574               	.L111:
 1575               	.LSM216:
 1576 0092 8091 0000 		lds r24,RunBootloader
 1577 0096 8823      		tst r24
 1578 0098 01F4      		brne .L113
 1579               	.LBB189:
 1580               	.LBB190:
 1581               	.LSM217:
 1582 009a 8091 E000 		lds r24,224
 1583 009e 8160      		ori r24,lo8(1)
 1584 00a0 8093 E000 		sts 224,r24
 1585               	.LBE190:
 1586               	.LBE189:
 1587               	.LSM218:
 1588 00a4 0E94 0000 		call StartSketch
 1589               	.LSM219:
 1590 00a8 80E0      		ldi r24,lo8(0)
 1591 00aa 90E0      		ldi r25,hi8(0)
 1592               	/* epilogue start */
 1593 00ac 0895      		ret
 1594               	.LFE95:
 1596               	.global	Timeout
 1597               	.global	Timeout
 1598               		.section .bss
 1601               	Timeout:
 1602 0000 0000      		.skip 2,0
 1603               	.global	bootKey
 1604               		.data
 1607               	bootKey:
 1608 0009 7777      		.word	30583
 1609               	.global	bootKeyPtr
 1612               	bootKeyPtr:
 1613 000b 0008      		.word	2048
 1616               	LineEncoding:
 1617 000d 00        		.byte	0
 1618 000e 00        		.byte	0
 1619 000f 00        		.byte	0
 1620 0010 00        		.byte	0
 1621 0011 00        		.byte	0
 1622 0012 00        		.byte	0
 1623 0013 08        		.byte	8
 1626               	RunBootloader:
 1627 0014 01        		.byte	1
 1628               		.lcomm CurrAddress,4
 1629               		.comm LLEDPulse,2,1
 1726               	.Letext0:
DEFINED SYMBOLS
                            *ABS*:00000000 Caterina.c
C:\Users\Martin\AppData\Local\Temp/ccrxgjIc.s:2      *ABS*:0000003f __SREG__
C:\Users\Martin\AppData\Local\Temp/ccrxgjIc.s:3      *ABS*:0000003e __SP_H__
C:\Users\Martin\AppData\Local\Temp/ccrxgjIc.s:4      *ABS*:0000003d __SP_L__
C:\Users\Martin\AppData\Local\Temp/ccrxgjIc.s:5      *ABS*:00000034 __CCP__
C:\Users\Martin\AppData\Local\Temp/ccrxgjIc.s:6      *ABS*:00000000 __tmp_reg__
C:\Users\Martin\AppData\Local\Temp/ccrxgjIc.s:7      *ABS*:00000001 __zero_reg__
C:\Users\Martin\AppData\Local\Temp/ccrxgjIc.s:19     .text.StartSketch:00000000 StartSketch
C:\Users\Martin\AppData\Local\Temp/ccrxgjIc.s:59     .text.LEDPulse:00000000 LEDPulse
                            *COM*:00000002 LLEDPulse
C:\Users\Martin\AppData\Local\Temp/ccrxgjIc.s:98     .text.__vector_17:00000000 __vector_17
C:\Users\Martin\AppData\Local\Temp/ccrxgjIc.s:1601   .bss:00000000 Timeout
C:\Users\Martin\AppData\Local\Temp/ccrxgjIc.s:161    .text.FetchNextCommandByte:00000000 FetchNextCommandByte
C:\Users\Martin\AppData\Local\Temp/ccrxgjIc.s:222    .text.WriteNextResponseByte:00000000 WriteNextResponseByte
C:\Users\Martin\AppData\Local\Temp/ccrxgjIc.s:287    .text.CDC_Task:00000000 CDC_Task
                             .bss:00000002 CurrAddress
C:\Users\Martin\AppData\Local\Temp/ccrxgjIc.s:1274   .text.EVENT_USB_Device_ControlRequest:00000000 EVENT_USB_Device_ControlRequest
C:\Users\Martin\AppData\Local\Temp/ccrxgjIc.s:1616   .data:0000000d LineEncoding
C:\Users\Martin\AppData\Local\Temp/ccrxgjIc.s:1350   .text.EVENT_USB_Device_ConfigurationChanged:00000000 EVENT_USB_Device_ConfigurationChanged
C:\Users\Martin\AppData\Local\Temp/ccrxgjIc.s:1388   .text.SetupHardware:00000000 SetupHardware
C:\Users\Martin\AppData\Local\Temp/ccrxgjIc.s:1459   .text.main:00000000 main
C:\Users\Martin\AppData\Local\Temp/ccrxgjIc.s:1607   .data:00000009 bootKey
C:\Users\Martin\AppData\Local\Temp/ccrxgjIc.s:1626   .data:00000014 RunBootloader
C:\Users\Martin\AppData\Local\Temp/ccrxgjIc.s:1612   .data:0000000b bootKeyPtr

UNDEFINED SYMBOLS
__eerd_byte_m32u4
__eewr_byte_m32u4
USB_ControlRequest
Endpoint_Write_Control_Stream_LE
Endpoint_Read_Control_Stream_LE
Endpoint_ConfigureEndpoint_Prv
USB_Init
USB_USBTask
__do_copy_data
__do_clear_bss
